Determining if the Q_WS_WIN exist failed with the following output:
Change Dir: /home/mercedes/robocomp/components/robocomp-ursus/components/visualik/CMakeFiles/CMakeTmp

Run Build Command:/usr/bin/make "cmTryCompileExec3180201822/fast"
/usr/bin/make -f CMakeFiles/cmTryCompileExec3180201822.dir/build.make CMakeFiles/cmTryCompileExec3180201822.dir/build
make[1]: Entering directory '/home/mercedes/robocomp/components/robocomp-ursus/components/visualik/CMakeFiles/CMakeTmp'
/usr/bin/cmake -E cmake_progress_report /home/mercedes/robocomp/components/robocomp-ursus/components/visualik/CMakeFiles/CMakeTmp/CMakeFiles 1
Building CXX object CMakeFiles/cmTryCompileExec3180201822.dir/CheckSymbolExists.cxx.o
/usr/bin/c++    -I/usr/include/qt4    -o CMakeFiles/cmTryCompileExec3180201822.dir/CheckSymbolExists.cxx.o -c /home/mercedes/robocomp/components/robocomp-ursus/components/visualik/CMakeFiles/CMakeTmp/CheckSymbolExists.cxx
/home/mercedes/robocomp/components/robocomp-ursus/components/visualik/CMakeFiles/CMakeTmp/CheckSymbolExists.cxx: In function ‘int main(int, char**)’:
/home/mercedes/robocomp/components/robocomp-ursus/components/visualik/CMakeFiles/CMakeTmp/CheckSymbolExists.cxx:8:19: error: ‘Q_WS_WIN’ was not declared in this scope
   return ((int*)(&Q_WS_WIN))[argc];
                   ^
CMakeFiles/cmTryCompileExec3180201822.dir/build.make:60: recipe for target 'CMakeFiles/cmTryCompileExec3180201822.dir/CheckSymbolExists.cxx.o' failed
make[1]: *** [CMakeFiles/cmTryCompileExec3180201822.dir/CheckSymbolExists.cxx.o] Error 1
make[1]: Leaving directory '/home/mercedes/robocomp/components/robocomp-ursus/components/visualik/CMakeFiles/CMakeTmp'
Makefile:117: recipe for target 'cmTryCompileExec3180201822/fast' failed
make: *** [cmTryCompileExec3180201822/fast] Error 2

File /home/mercedes/robocomp/components/robocomp-ursus/components/visualik/CMakeFiles/CMakeTmp/CheckSymbolExists.cxx:
/* */
#include <QtCore/qglobal.h>

int main(int argc, char** argv)
{
  (void)argv;
#ifndef Q_WS_WIN
  return ((int*)(&Q_WS_WIN))[argc];
#else
  (void)argc;
  return 0;
#endif
}

Determining if the Q_WS_QWS exist failed with the following output:
Change Dir: /home/mercedes/robocomp/components/robocomp-ursus/components/visualik/CMakeFiles/CMakeTmp

Run Build Command:/usr/bin/make "cmTryCompileExec3066537741/fast"
/usr/bin/make -f CMakeFiles/cmTryCompileExec3066537741.dir/build.make CMakeFiles/cmTryCompileExec3066537741.dir/build
make[1]: Entering directory '/home/mercedes/robocomp/components/robocomp-ursus/components/visualik/CMakeFiles/CMakeTmp'
/usr/bin/cmake -E cmake_progress_report /home/mercedes/robocomp/components/robocomp-ursus/components/visualik/CMakeFiles/CMakeTmp/CMakeFiles 1
Building CXX object CMakeFiles/cmTryCompileExec3066537741.dir/CheckSymbolExists.cxx.o
/usr/bin/c++    -I/usr/include/qt4    -o CMakeFiles/cmTryCompileExec3066537741.dir/CheckSymbolExists.cxx.o -c /home/mercedes/robocomp/components/robocomp-ursus/components/visualik/CMakeFiles/CMakeTmp/CheckSymbolExists.cxx
/home/mercedes/robocomp/components/robocomp-ursus/components/visualik/CMakeFiles/CMakeTmp/CheckSymbolExists.cxx: In function ‘int main(int, char**)’:
/home/mercedes/robocomp/components/robocomp-ursus/components/visualik/CMakeFiles/CMakeTmp/CheckSymbolExists.cxx:8:19: error: ‘Q_WS_QWS’ was not declared in this scope
   return ((int*)(&Q_WS_QWS))[argc];
                   ^
CMakeFiles/cmTryCompileExec3066537741.dir/build.make:60: recipe for target 'CMakeFiles/cmTryCompileExec3066537741.dir/CheckSymbolExists.cxx.o' failed
make[1]: Leaving directory '/home/mercedes/robocomp/components/robocomp-ursus/components/visualik/CMakeFiles/CMakeTmp'
make[1]: *** [CMakeFiles/cmTryCompileExec3066537741.dir/CheckSymbolExists.cxx.o] Error 1
Makefile:117: recipe for target 'cmTryCompileExec3066537741/fast' failed
make: *** [cmTryCompileExec3066537741/fast] Error 2

File /home/mercedes/robocomp/components/robocomp-ursus/components/visualik/CMakeFiles/CMakeTmp/CheckSymbolExists.cxx:
/* */
#include <QtCore/qglobal.h>

int main(int argc, char** argv)
{
  (void)argv;
#ifndef Q_WS_QWS
  return ((int*)(&Q_WS_QWS))[argc];
#else
  (void)argc;
  return 0;
#endif
}

Determining if the Q_WS_MAC exist failed with the following output:
Change Dir: /home/mercedes/robocomp/components/robocomp-ursus/components/visualik/CMakeFiles/CMakeTmp

Run Build Command:/usr/bin/make "cmTryCompileExec2176305688/fast"
/usr/bin/make -f CMakeFiles/cmTryCompileExec2176305688.dir/build.make CMakeFiles/cmTryCompileExec2176305688.dir/build
make[1]: Entering directory '/home/mercedes/robocomp/components/robocomp-ursus/components/visualik/CMakeFiles/CMakeTmp'
/usr/bin/cmake -E cmake_progress_report /home/mercedes/robocomp/components/robocomp-ursus/components/visualik/CMakeFiles/CMakeTmp/CMakeFiles 1
Building CXX object CMakeFiles/cmTryCompileExec2176305688.dir/CheckSymbolExists.cxx.o
/usr/bin/c++    -I/usr/include/qt4    -o CMakeFiles/cmTryCompileExec2176305688.dir/CheckSymbolExists.cxx.o -c /home/mercedes/robocomp/components/robocomp-ursus/components/visualik/CMakeFiles/CMakeTmp/CheckSymbolExists.cxx
/home/mercedes/robocomp/components/robocomp-ursus/components/visualik/CMakeFiles/CMakeTmp/CheckSymbolExists.cxx: In function ‘int main(int, char**)’:
/home/mercedes/robocomp/components/robocomp-ursus/components/visualik/CMakeFiles/CMakeTmp/CheckSymbolExists.cxx:8:19: error: ‘Q_WS_MAC’ was not declared in this scope
   return ((int*)(&Q_WS_MAC))[argc];
                   ^
CMakeFiles/cmTryCompileExec2176305688.dir/build.make:60: recipe for target 'CMakeFiles/cmTryCompileExec2176305688.dir/CheckSymbolExists.cxx.o' failed
make[1]: Leaving directory '/home/mercedes/robocomp/components/robocomp-ursus/components/visualik/CMakeFiles/CMakeTmp'
make[1]: *** [CMakeFiles/cmTryCompileExec2176305688.dir/CheckSymbolExists.cxx.o] Error 1
Makefile:117: recipe for target 'cmTryCompileExec2176305688/fast' failed
make: *** [cmTryCompileExec2176305688/fast] Error 2

File /home/mercedes/robocomp/components/robocomp-ursus/components/visualik/CMakeFiles/CMakeTmp/CheckSymbolExists.cxx:
/* */
#include <QtCore/qglobal.h>

int main(int argc, char** argv)
{
  (void)argv;
#ifndef Q_WS_MAC
  return ((int*)(&Q_WS_MAC))[argc];
#else
  (void)argc;
  return 0;
#endif
}

Determining if the Q_WS_WIN exist failed with the following output:
Change Dir: /home/mercedes/robocomp/components/robocomp-ursus/components/visualik/CMakeFiles/CMakeTmp

Run Build Command:/usr/bin/make "cmTryCompileExec2215687724/fast"
/usr/bin/make -f CMakeFiles/cmTryCompileExec2215687724.dir/build.make CMakeFiles/cmTryCompileExec2215687724.dir/build
make[1]: Entering directory '/home/mercedes/robocomp/components/robocomp-ursus/components/visualik/CMakeFiles/CMakeTmp'
/usr/bin/cmake -E cmake_progress_report /home/mercedes/robocomp/components/robocomp-ursus/components/visualik/CMakeFiles/CMakeTmp/CMakeFiles 1
Building CXX object CMakeFiles/cmTryCompileExec2215687724.dir/CheckSymbolExists.cxx.o
/usr/bin/c++    -I/usr/include/qt4    -o CMakeFiles/cmTryCompileExec2215687724.dir/CheckSymbolExists.cxx.o -c /home/mercedes/robocomp/components/robocomp-ursus/components/visualik/CMakeFiles/CMakeTmp/CheckSymbolExists.cxx
/home/mercedes/robocomp/components/robocomp-ursus/components/visualik/CMakeFiles/CMakeTmp/CheckSymbolExists.cxx: In function ‘int main(int, char**)’:
/home/mercedes/robocomp/components/robocomp-ursus/components/visualik/CMakeFiles/CMakeTmp/CheckSymbolExists.cxx:8:19: error: ‘Q_WS_WIN’ was not declared in this scope
   return ((int*)(&Q_WS_WIN))[argc];
                   ^
CMakeFiles/cmTryCompileExec2215687724.dir/build.make:60: recipe for target 'CMakeFiles/cmTryCompileExec2215687724.dir/CheckSymbolExists.cxx.o' failed
make[1]: Leaving directory '/home/mercedes/robocomp/components/robocomp-ursus/components/visualik/CMakeFiles/CMakeTmp'
make[1]: *** [CMakeFiles/cmTryCompileExec2215687724.dir/CheckSymbolExists.cxx.o] Error 1
Makefile:117: recipe for target 'cmTryCompileExec2215687724/fast' failed
make: *** [cmTryCompileExec2215687724/fast] Error 2

File /home/mercedes/robocomp/components/robocomp-ursus/components/visualik/CMakeFiles/CMakeTmp/CheckSymbolExists.cxx:
/* */
#include <QtCore/qglobal.h>

int main(int argc, char** argv)
{
  (void)argv;
#ifndef Q_WS_WIN
  return ((int*)(&Q_WS_WIN))[argc];
#else
  (void)argc;
  return 0;
#endif
}

Determining if the Q_WS_QWS exist failed with the following output:
Change Dir: /home/mercedes/robocomp/components/robocomp-ursus/components/visualik/CMakeFiles/CMakeTmp

Run Build Command:/usr/bin/make "cmTryCompileExec3466593563/fast"
/usr/bin/make -f CMakeFiles/cmTryCompileExec3466593563.dir/build.make CMakeFiles/cmTryCompileExec3466593563.dir/build
make[1]: Entering directory '/home/mercedes/robocomp/components/robocomp-ursus/components/visualik/CMakeFiles/CMakeTmp'
/usr/bin/cmake -E cmake_progress_report /home/mercedes/robocomp/components/robocomp-ursus/components/visualik/CMakeFiles/CMakeTmp/CMakeFiles 1
Building CXX object CMakeFiles/cmTryCompileExec3466593563.dir/CheckSymbolExists.cxx.o
/usr/bin/c++    -I/usr/include/qt4    -o CMakeFiles/cmTryCompileExec3466593563.dir/CheckSymbolExists.cxx.o -c /home/mercedes/robocomp/components/robocomp-ursus/components/visualik/CMakeFiles/CMakeTmp/CheckSymbolExists.cxx
/home/mercedes/robocomp/components/robocomp-ursus/components/visualik/CMakeFiles/CMakeTmp/CheckSymbolExists.cxx: In function ‘int main(int, char**)’:
/home/mercedes/robocomp/components/robocomp-ursus/components/visualik/CMakeFiles/CMakeTmp/CheckSymbolExists.cxx:8:19: error: ‘Q_WS_QWS’ was not declared in this scope
   return ((int*)(&Q_WS_QWS))[argc];
                   ^
CMakeFiles/cmTryCompileExec3466593563.dir/build.make:60: recipe for target 'CMakeFiles/cmTryCompileExec3466593563.dir/CheckSymbolExists.cxx.o' failed
make[1]: Leaving directory '/home/mercedes/robocomp/components/robocomp-ursus/components/visualik/CMakeFiles/CMakeTmp'
make[1]: *** [CMakeFiles/cmTryCompileExec3466593563.dir/CheckSymbolExists.cxx.o] Error 1
Makefile:117: recipe for target 'cmTryCompileExec3466593563/fast' failed
make: *** [cmTryCompileExec3466593563/fast] Error 2

File /home/mercedes/robocomp/components/robocomp-ursus/components/visualik/CMakeFiles/CMakeTmp/CheckSymbolExists.cxx:
/* */
#include <QtCore/qglobal.h>

int main(int argc, char** argv)
{
  (void)argv;
#ifndef Q_WS_QWS
  return ((int*)(&Q_WS_QWS))[argc];
#else
  (void)argc;
  return 0;
#endif
}

Determining if the Q_WS_MAC exist failed with the following output:
Change Dir: /home/mercedes/robocomp/components/robocomp-ursus/components/visualik/CMakeFiles/CMakeTmp

Run Build Command:/usr/bin/make "cmTryCompileExec3764206361/fast"
/usr/bin/make -f CMakeFiles/cmTryCompileExec3764206361.dir/build.make CMakeFiles/cmTryCompileExec3764206361.dir/build
make[1]: Entering directory '/home/mercedes/robocomp/components/robocomp-ursus/components/visualik/CMakeFiles/CMakeTmp'
/usr/bin/cmake -E cmake_progress_report /home/mercedes/robocomp/components/robocomp-ursus/components/visualik/CMakeFiles/CMakeTmp/CMakeFiles 1
Building CXX object CMakeFiles/cmTryCompileExec3764206361.dir/CheckSymbolExists.cxx.o
/usr/bin/c++    -I/usr/include/qt4    -o CMakeFiles/cmTryCompileExec3764206361.dir/CheckSymbolExists.cxx.o -c /home/mercedes/robocomp/components/robocomp-ursus/components/visualik/CMakeFiles/CMakeTmp/CheckSymbolExists.cxx
/home/mercedes/robocomp/components/robocomp-ursus/components/visualik/CMakeFiles/CMakeTmp/CheckSymbolExists.cxx: In function ‘int main(int, char**)’:
/home/mercedes/robocomp/components/robocomp-ursus/components/visualik/CMakeFiles/CMakeTmp/CheckSymbolExists.cxx:8:19: error: ‘Q_WS_MAC’ was not declared in this scope
   return ((int*)(&Q_WS_MAC))[argc];
                   ^
CMakeFiles/cmTryCompileExec3764206361.dir/build.make:60: recipe for target 'CMakeFiles/cmTryCompileExec3764206361.dir/CheckSymbolExists.cxx.o' failed
make[1]: Leaving directory '/home/mercedes/robocomp/components/robocomp-ursus/components/visualik/CMakeFiles/CMakeTmp'
make[1]: *** [CMakeFiles/cmTryCompileExec3764206361.dir/CheckSymbolExists.cxx.o] Error 1
Makefile:117: recipe for target 'cmTryCompileExec3764206361/fast' failed
make: *** [cmTryCompileExec3764206361/fast] Error 2

File /home/mercedes/robocomp/components/robocomp-ursus/components/visualik/CMakeFiles/CMakeTmp/CheckSymbolExists.cxx:
/* */
#include <QtCore/qglobal.h>

int main(int argc, char** argv)
{
  (void)argv;
#ifndef Q_WS_MAC
  return ((int*)(&Q_WS_MAC))[argc];
#else
  (void)argc;
  return 0;
#endif
}

