Determining if the Q_WS_WIN exist failed with the following output:
Change Dir: /home/mercedes/robocomp/components/robocomp-ursus/components/inversekinematics/CMakeFiles/CMakeTmp

Run Build Command:/usr/bin/make "cmTryCompileExec1691203570/fast"
/usr/bin/make -f CMakeFiles/cmTryCompileExec1691203570.dir/build.make CMakeFiles/cmTryCompileExec1691203570.dir/build
make[1]: Entering directory '/home/mercedes/robocomp/components/robocomp-ursus/components/inversekinematics/CMakeFiles/CMakeTmp'
/usr/bin/cmake -E cmake_progress_report /home/mercedes/robocomp/components/robocomp-ursus/components/inversekinematics/CMakeFiles/CMakeTmp/CMakeFiles 1
Building CXX object CMakeFiles/cmTryCompileExec1691203570.dir/CheckSymbolExists.cxx.o
/usr/bin/c++    -I/usr/include/qt4    -o CMakeFiles/cmTryCompileExec1691203570.dir/CheckSymbolExists.cxx.o -c /home/mercedes/robocomp/components/robocomp-ursus/components/inversekinematics/CMakeFiles/CMakeTmp/CheckSymbolExists.cxx
/home/mercedes/robocomp/components/robocomp-ursus/components/inversekinematics/CMakeFiles/CMakeTmp/CheckSymbolExists.cxx: In function ‘int main(int, char**)’:
/home/mercedes/robocomp/components/robocomp-ursus/components/inversekinematics/CMakeFiles/CMakeTmp/CheckSymbolExists.cxx:8:19: error: ‘Q_WS_WIN’ was not declared in this scope
   return ((int*)(&Q_WS_WIN))[argc];
                   ^
CMakeFiles/cmTryCompileExec1691203570.dir/build.make:60: recipe for target 'CMakeFiles/cmTryCompileExec1691203570.dir/CheckSymbolExists.cxx.o' failed
make[1]: Leaving directory '/home/mercedes/robocomp/components/robocomp-ursus/components/inversekinematics/CMakeFiles/CMakeTmp'
make[1]: *** [CMakeFiles/cmTryCompileExec1691203570.dir/CheckSymbolExists.cxx.o] Error 1
Makefile:117: recipe for target 'cmTryCompileExec1691203570/fast' failed
make: *** [cmTryCompileExec1691203570/fast] Error 2

File /home/mercedes/robocomp/components/robocomp-ursus/components/inversekinematics/CMakeFiles/CMakeTmp/CheckSymbolExists.cxx:
/* */
#include <QtCore/qglobal.h>

int main(int argc, char** argv)
{
  (void)argv;
#ifndef Q_WS_WIN
  return ((int*)(&Q_WS_WIN))[argc];
#else
  (void)argc;
  return 0;
#endif
}

Determining if the Q_WS_QWS exist failed with the following output:
Change Dir: /home/mercedes/robocomp/components/robocomp-ursus/components/inversekinematics/CMakeFiles/CMakeTmp

Run Build Command:/usr/bin/make "cmTryCompileExec3314677327/fast"
/usr/bin/make -f CMakeFiles/cmTryCompileExec3314677327.dir/build.make CMakeFiles/cmTryCompileExec3314677327.dir/build
make[1]: Entering directory '/home/mercedes/robocomp/components/robocomp-ursus/components/inversekinematics/CMakeFiles/CMakeTmp'
/usr/bin/cmake -E cmake_progress_report /home/mercedes/robocomp/components/robocomp-ursus/components/inversekinematics/CMakeFiles/CMakeTmp/CMakeFiles 1
Building CXX object CMakeFiles/cmTryCompileExec3314677327.dir/CheckSymbolExists.cxx.o
/usr/bin/c++    -I/usr/include/qt4    -o CMakeFiles/cmTryCompileExec3314677327.dir/CheckSymbolExists.cxx.o -c /home/mercedes/robocomp/components/robocomp-ursus/components/inversekinematics/CMakeFiles/CMakeTmp/CheckSymbolExists.cxx
/home/mercedes/robocomp/components/robocomp-ursus/components/inversekinematics/CMakeFiles/CMakeTmp/CheckSymbolExists.cxx: In function ‘int main(int, char**)’:
/home/mercedes/robocomp/components/robocomp-ursus/components/inversekinematics/CMakeFiles/CMakeTmp/CheckSymbolExists.cxx:8:19: error: ‘Q_WS_QWS’ was not declared in this scope
   return ((int*)(&Q_WS_QWS))[argc];
                   ^
CMakeFiles/cmTryCompileExec3314677327.dir/build.make:60: recipe for target 'CMakeFiles/cmTryCompileExec3314677327.dir/CheckSymbolExists.cxx.o' failed
make[1]: Leaving directory '/home/mercedes/robocomp/components/robocomp-ursus/components/inversekinematics/CMakeFiles/CMakeTmp'
make[1]: *** [CMakeFiles/cmTryCompileExec3314677327.dir/CheckSymbolExists.cxx.o] Error 1
Makefile:117: recipe for target 'cmTryCompileExec3314677327/fast' failed
make: *** [cmTryCompileExec3314677327/fast] Error 2

File /home/mercedes/robocomp/components/robocomp-ursus/components/inversekinematics/CMakeFiles/CMakeTmp/CheckSymbolExists.cxx:
/* */
#include <QtCore/qglobal.h>

int main(int argc, char** argv)
{
  (void)argv;
#ifndef Q_WS_QWS
  return ((int*)(&Q_WS_QWS))[argc];
#else
  (void)argc;
  return 0;
#endif
}

Determining if the Q_WS_MAC exist failed with the following output:
Change Dir: /home/mercedes/robocomp/components/robocomp-ursus/components/inversekinematics/CMakeFiles/CMakeTmp

Run Build Command:/usr/bin/make "cmTryCompileExec3627063142/fast"
/usr/bin/make -f CMakeFiles/cmTryCompileExec3627063142.dir/build.make CMakeFiles/cmTryCompileExec3627063142.dir/build
make[1]: Entering directory '/home/mercedes/robocomp/components/robocomp-ursus/components/inversekinematics/CMakeFiles/CMakeTmp'
/usr/bin/cmake -E cmake_progress_report /home/mercedes/robocomp/components/robocomp-ursus/components/inversekinematics/CMakeFiles/CMakeTmp/CMakeFiles 1
Building CXX object CMakeFiles/cmTryCompileExec3627063142.dir/CheckSymbolExists.cxx.o
/usr/bin/c++    -I/usr/include/qt4    -o CMakeFiles/cmTryCompileExec3627063142.dir/CheckSymbolExists.cxx.o -c /home/mercedes/robocomp/components/robocomp-ursus/components/inversekinematics/CMakeFiles/CMakeTmp/CheckSymbolExists.cxx
/home/mercedes/robocomp/components/robocomp-ursus/components/inversekinematics/CMakeFiles/CMakeTmp/CheckSymbolExists.cxx: In function ‘int main(int, char**)’:
/home/mercedes/robocomp/components/robocomp-ursus/components/inversekinematics/CMakeFiles/CMakeTmp/CheckSymbolExists.cxx:8:19: error: ‘Q_WS_MAC’ was not declared in this scope
   return ((int*)(&Q_WS_MAC))[argc];
                   ^
CMakeFiles/cmTryCompileExec3627063142.dir/build.make:60: recipe for target 'CMakeFiles/cmTryCompileExec3627063142.dir/CheckSymbolExists.cxx.o' failed
make[1]: Leaving directory '/home/mercedes/robocomp/components/robocomp-ursus/components/inversekinematics/CMakeFiles/CMakeTmp'
make[1]: *** [CMakeFiles/cmTryCompileExec3627063142.dir/CheckSymbolExists.cxx.o] Error 1
Makefile:117: recipe for target 'cmTryCompileExec3627063142/fast' failed
make: *** [cmTryCompileExec3627063142/fast] Error 2

File /home/mercedes/robocomp/components/robocomp-ursus/components/inversekinematics/CMakeFiles/CMakeTmp/CheckSymbolExists.cxx:
/* */
#include <QtCore/qglobal.h>

int main(int argc, char** argv)
{
  (void)argv;
#ifndef Q_WS_MAC
  return ((int*)(&Q_WS_MAC))[argc];
#else
  (void)argc;
  return 0;
#endif
}

